C51 COMPILER V9.01   CAIJI                                                                 03/27/2018 20:59:03 PAGE 1   


C51 COMPILER V9.01, COMPILATION OF MODULE CAIJI
OBJECT MODULE PLACED IN caiji.OBJ
COMPILER INVOKED BY: D:\软件\keil\C51\BIN\C51.EXE caiji.c BROWSE DEBUG OBJECTEXTEND

line level    source

   1          #include <STC15F2K60S2.h>
   2          //void delay(unsigned  char z);
   3          void display(unsigned char *xianshi);
   4          unsigned char code tablenum[]={0xc0,0xf9,0xa4,0xb0,0x99,0x92,0x82,0xf8,0x80,0x90,0xbf,0xff};
   5          unsigned char code tablebit[]={0x01,0x02,0x04,0x08,0x10,0x20,0x40,0x80};
   6          unsigned char  num[]={11,11,11,11,11,11,11,11};
   7          unsigned char n,flag=0;
   8          unsigned long fan=5,zheng=6,low,high,hebin,shijian=0; 
   9          void Timer0Init(void)   ;
  10          void Timer1Init(void)   ;
  11          void main()
  12          {
  13   1              
  14   1              Timer1Init();
  15   1              Timer0Init();
  16   1              EA=1;
  17   1              ET0= 1;
  18   1              while(1)
  19   1              {
  20   2                      hebin=((zheng+fan)*5);  
  21   2                      num[0]=hebin/10000;
  22   2                      num[1]=hebin%10000/1000;
  23   2                      num[2]=hebin%10000%1000/100;
  24   2                      num[3]=hebin%10000%1000%100/10;
  25   2                      num[4]=hebin%10;
  26   2                      display(num);
  27   2              }       
  28   1      }
  29          
  30          
  31          void display(unsigned char *xianshi)
  32          {
  33   1              P2=((P2&0x1f)|0xe0);
  34   1              P0=tablenum[xianshi[n]];
  35   1              P2=P2&0x1f;
  36   1              P2=((P2&0x1f)|0xc0);
  37   1              P0=tablebit[n];
  38   1              P2=P2&0x1f;
  39   1              n++;
  40   1              if(n==8)
  41   1                      n=0;
  42   1      }
  43          
  44          void Timer0Init(void)           //2毫秒@12.000MHz
  45          {
  46   1              AUXR |= 0x80;           //定时器时钟1T模式
  47   1              TMOD &= 0xF0;           //设置定时器模式
  48   1              TL0 = 0x40;             //设置定时初值
  49   1              TH0 = 0xA2;             //设置定时初值
  50   1              TF0 = 0;                //清除TF0标志
  51   1              TR0 = 1;                //定时器0开始计时
  52   1      }
  53          void Timer1Init(void)           //5微秒@12.000MHz
  54          {
  55   1              AUXR |= 0x40;           //定时器时钟1T模式
C51 COMPILER V9.01   CAIJI                                                                 03/27/2018 20:59:03 PAGE 2   

  56   1              TMOD &= 0x0F;           //设置定时器模式
  57   1              TL1 = 0xC4;             //设置定时初值
  58   1              TH1 = 0xFF;             //设置定时初值
  59   1              TF1 = 0;                //清除TF1标志
  60   1              TR1 = 0;                //定时器1开始计时
  61   1      }
  62          void time1()interrupt 3
  63          {
  64   1              //TL1 = 0xC4;           //设置定时初值
  65   1              //TH1 = 0xFF;           //设置定时初值
  66   1              //TF1 = 0;              //清除TF1标志
  67   1                      if(P34==0)
  68   1                      {
  69   2                      
  70   2                              low++;
  71   2                              if(flag==1)
  72   2                              {
  73   3                                      flag=0;
  74   3                                      zheng=high;
  75   3                                      high=0;
  76   3                              }
  77   2                      
  78   2                      }
  79   1              else    if(P34==1)
  80   1                      {
  81   2                      
  82   2                              high++;
  83   2                              if(flag==0)
  84   2                              {
  85   3                                      flag=1;
  86   3                                      fan=low;
  87   3                                      low=0;
  88   3                              }
  89   2                      }
  90   1      }
  91          
  92          void time0()interrupt 1
  93          {
  94   1              shijian++;
  95   1              if(shijian==495)
  96   1              {
  97   2              TR1 = 1;
  98   2              ET1     = 1;
  99   2      //      P2=((P2&0x1f)|0x80);
 100   2      //      P0=~P0;
 101   2      //      P2=P2&0x1f;
 102   2              }
 103   1              if(shijian==500)
 104   1              {
 105   2                      shijian=0;
 106   2                      TR1 = 0;
 107   2                      ET1     = 0;
 108   2              }
 109   1      }


MODULE INFORMATION:   STATIC OVERLAYABLE
   CODE SIZE        =    596    ----
   CONSTANT SIZE    =     20    ----
   XDATA SIZE       =   ----    ----
   PDATA SIZE       =   ----    ----
   DATA SIZE        =     34    ----
C51 COMPILER V9.01   CAIJI                                                                 03/27/2018 20:59:03 PAGE 3   

   IDATA SIZE       =   ----    ----
   BIT SIZE         =   ----    ----
END OF MODULE INFORMATION.


C51 COMPILATION COMPLETE.  0 WARNING(S),  0 ERROR(S)
