C51 COMPILER V9.01   EX3                                                                   07/31/2018 03:16:58 PAGE 1   


C51 COMPILER V9.01, COMPILATION OF MODULE EX3
OBJECT MODULE PLACED IN ex3.OBJ
COMPILER INVOKED BY: D:\软件\keil\C51\BIN\C51.EXE ex3.c BROWSE DEBUG OBJECTEXTEND

line level    source

   1          #include <STC15F2K60S2.H>
   2          
   3          
   4          //假定测试芯片的工作频率为11.0592MHz
   5          
   6          
   7          #define FOSC 11059200L
   8          
   9          #define T1MS (65536-FOSC/1000)      //1T模式
  10          //#define T1MS (65536-FOSC/12/1000) //12T模式
  11          
  12          
  13          
  14          
  15          //-----------------------------------------------
  16          //中断服务程序
  17          void t2int() interrupt 12           //中断入口
  18          {
  19   1          P10 = !P10;                     //将测试口取反
  20   1      }
  21          
  22          //-----------------------------------------------
  23          
  24          void main()
  25          {
  26   1          AUXR |= 0x04;                   //定时器2为1T模式
  27   1      //  AUXR &= ~0x04;                  //定时器2为12T模式
  28   1          T2L = T1MS;                     //初始化计时值
  29   1          T2H = T1MS >> 8;
  30   1          AUXR |= 0x10;                   //定时器2开始计时
  31   1          IE2 |= 0x04;                    //开定时器2中断
  32   1          EA = 1;
  33   1      
  34   1          while (1);
  35   1      }


MODULE INFORMATION:   STATIC OVERLAYABLE
   CODE SIZE        =     22    ----
   CONSTANT SIZE    =   ----    ----
   XDATA SIZE       =   ----    ----
   PDATA SIZE       =   ----    ----
   DATA SIZE        =   ----    ----
   IDATA SIZE       =   ----    ----
   BIT SIZE         =   ----    ----
END OF MODULE INFORMATION.


C51 COMPILATION COMPLETE.  0 WARNING(S),  0 ERROR(S)
