C51 COMPILER V9.00   EX6                                                                   04/26/2019 01:29:01 PAGE 1   


C51 COMPILER V9.00, COMPILATION OF MODULE EX6
OBJECT MODULE PLACED IN ex6.OBJ
COMPILER INVOKED BY: D:\Program Files (x86)\keil\C51\BIN\C51.EXE ex6.c BROWSE DEBUG OBJECTEXTEND

line level    source

   1           # include"stc15f2k60s2.h"
   2          #include"intrins.h"
   3          
   4          unsigned char code  table0[] = {0x20,0x04,0x20,0x04,0x20,0x24,0x40,0x24,0x7E,0x3F,0x84,0x24,0x44,0x45,0x44
             -,0x04,
   5          0x44,0x07,0x28,0x7C,0x28,0x24,0x10,0x04,0x28,0x04,0x44,0x04,0x82,0x04,0x00,0x05};
   6          unsigned char code  table1[] = {0x00,0x01,0x80,0x00,0xFC,0x1F,0x10,0x04,0x20,0x02,0xFE,0x7F,0x00,0x00,0xF8
             -,0x0F,
   7          0x88,0x08,0xF8,0x0F,0x88,0x08,0xF8,0x0F,0x80,0x00,0xFC,0x1F,0x80,0x00,0xFE,0x7F};
   8          
   9          sbit    SHCP = P1^0;
  10          sbit    STCP = P1^1;
  11          sbit    DS   = P1^2;
  12          
  13          
  14          void WriteByte(char dat)          //写一个字节的数据 
  15          {
  16   1              char i; 
  17   1              for(i=0;i<8;i++)          //循环8次把编码传给锁存器     
  18   1              {
  19   2                      dat=dat>>1;       //右移一位，取出该字节的最低位 
  20   2                      DS=CY;            //将该字节的最低位传给R
  21   2                      SHCP=0;          //将数据移入595，上升沿 
  22   2                      SHCP=1;                    
  23   2              } 
  24   1                  
  25   1      }
  26          void display(unsigned char *p)
  27          {
  28   1        int x,num;
  29   1        for(num=0;num<16;num++)
  30   1        { 
  31   2               WriteByte(0); 
  32   2               WriteByte(0);                  
  33   2           STCP=1;                                                                                                    
  34   2               STCP=0; 
  35   2           P0=num;          //选择对应的行
  36   2           WriteByte(*(p+2*num)); 
  37   2               WriteByte(*(p+2*num+1));               
  38   2           STCP=1;                                                                                                    
  39   2               STCP=0; 
  40   2               for(x=0;x<100;x++);
  41   2        }
  42   1      
  43   1      }
  44          
  45          int main(void)
  46          {       
  47   1          unsigned int j;
  48   1      
  49   1              while(1)
  50   1              {       
  51   2                      for(j=0;j<500;j++)
  52   2                      display(table0);
  53   2      
C51 COMPILER V9.00   EX6                                                                   04/26/2019 01:29:01 PAGE 2   

  54   2                      for(j=0;j<500;j++)
  55   2                      display(table1); 
  56   2      
  57   2      
  58   2              }           
  59   1      }
  60          


MODULE INFORMATION:   STATIC OVERLAYABLE
   CODE SIZE        =    189    ----
   CONSTANT SIZE    =     64    ----
   XDATA SIZE       =   ----    ----
   PDATA SIZE       =   ----    ----
   DATA SIZE        =   ----       5
   IDATA SIZE       =   ----    ----
   BIT SIZE         =   ----    ----
END OF MODULE INFORMATION.


C51 COMPILATION COMPLETE.  0 WARNING(S),  0 ERROR(S)
