C51 COMPILER V9.00   MAIN                                                                  04/22/2019 12:13:43 PAGE 1   


C51 COMPILER V9.00, COMPILATION OF MODULE MAIN
OBJECT MODULE PLACED IN main.OBJ
COMPILER INVOKED BY: D:\Program Files (x86)\keil\C51\BIN\C51.EXE main.c BROWSE DEBUG OBJECTEXTEND

line level    source

   1          /************************************************************
   2          功能描述：单片机12864液晶显示 
   3          ************************************************************/
   4          #include"stc15fxxxx.h"
   5          #include<stdlib.h>
   6          bit  delay_1ms(u16 x);
   7          bit lcd_busy(void);
   8          bit  lcd_pos(u8 X,u8 Y);
   9          bit lcd_init();
  10          bit write_str(u8 *c);
  11          /************************************************************
  12          功能描述：在LCD12864上指定位置显示指定内容
  13          入口参数：无
  14          出口参数：无
  15          ************************************************************/
  16          void main()
  17          {
  18   1          lcd_init();                         //LCD初始化
  19   1              delay_1ms(3);                           //延时
  20   1      
  21   1              lcd_pos(3,1);                           //指定显示位置
  22   1              write_str("――牧童工作室");
  23   1      
  24   1              P0&=0xaf;
  25   1              P2=P2&0x1f|0xa0;
  26   1          serial_one_init();//串口初始化
*** WARNING C206 IN LINE 26 OF MAIN.C: 'serial_one_init': missing function-prototype
  27   1              Timer0Init();
*** WARNING C206 IN LINE 27 OF MAIN.C: 'Timer0Init': missing function-prototype
  28   1          while(1)
  29   1          {
  30   2                      ;
  31   2          }
  32   1      }


MODULE INFORMATION:   STATIC OVERLAYABLE
   CODE SIZE        =     45    ----
   CONSTANT SIZE    =     15    ----
   XDATA SIZE       =   ----    ----
   PDATA SIZE       =   ----    ----
   DATA SIZE        =   ----    ----
   IDATA SIZE       =   ----    ----
   BIT SIZE         =   ----    ----
END OF MODULE INFORMATION.


C51 COMPILATION COMPLETE.  2 WARNING(S),  0 ERROR(S)
