C51 COMPILER V9.01   DELAY                                                                 09/26/2018 17:22:11 PAGE 1   


C51 COMPILER V9.01, COMPILATION OF MODULE DELAY
OBJECT MODULE PLACED IN delay.OBJ
COMPILER INVOKED BY: D:\Èí¼þ\keil\C51\BIN\C51.EXE delay.c BROWSE DEBUG OBJECTEXTEND

line level    source

   1          
   2          void Delay5ms()         //@11.0592MHz
   3          {
   4   1              unsigned char i, j;
   5   1      
   6   1              i = 9;
   7   1              j = 244;
   8   1              do
   9   1              {
  10   2                      while (--j);
  11   2              } while (--i);
  12   1      }


MODULE INFORMATION:   STATIC OVERLAYABLE
   CODE SIZE        =      9    ----
   CONSTANT SIZE    =   ----    ----
   XDATA SIZE       =   ----    ----
   PDATA SIZE       =   ----    ----
   DATA SIZE        =   ----    ----
   IDATA SIZE       =   ----    ----
   BIT SIZE         =   ----    ----
END OF MODULE INFORMATION.


C51 COMPILATION COMPLETE.  0 WARNING(S),  0 ERROR(S)
