C51 COMPILER V9.01   DISPLAY                                                               09/26/2018 17:22:11 PAGE 1   


C51 COMPILER V9.01, COMPILATION OF MODULE DISPLAY
OBJECT MODULE PLACED IN display.OBJ
COMPILER INVOKED BY: D:\软件\keil\C51\BIN\C51.EXE display.c BROWSE DEBUG OBJECTEXTEND

line level    source

   1          #include"stc15f2k60s2.h"
   2          #include "display.h"
   3          
   4          unsigned char code dis[]={0x3f,0x06,0x5b,0x4f,0x66,0x6d,0x7d,0x07,0x7f,0x6f,0xff,0x00};          //数码管显示码
   5          extern unsigned char dis_num[]={11,11,11,11,11,11,11,11};                                                                        //全局声明数码管缓冲区
   6          
   7          unsigned char a=0;       //定义全局变量，表示数码管段选
   8          
   9          void display()
  10          {
  11   1        ch_=(ch_&0xf8)|a;                               //只改变低三位保持高五位不变
  12   1        cmd=1;                                                  //打开573选择开关
  13   1        dat_=dis[dis_num[a]];                   //将显示码发送到dat
  14   1        cmd=0;                                                  //关闭573选择开关
  15   1        a++;                                                    //段选数字加1选择下一个
  16   1        if(a>=8)                                                //判断段选数字是否溢出
  17   1        a=0;                                                    //溢出从0开始
  18   1      
  19   1        
  20   1      }


MODULE INFORMATION:   STATIC OVERLAYABLE
   CODE SIZE        =     37    ----
   CONSTANT SIZE    =     12    ----
   XDATA SIZE       =   ----    ----
   PDATA SIZE       =   ----    ----
   DATA SIZE        =      9    ----
   IDATA SIZE       =   ----    ----
   BIT SIZE         =   ----    ----
END OF MODULE INFORMATION.


C51 COMPILATION COMPLETE.  0 WARNING(S),  0 ERROR(S)
