C51 COMPILER V9.01   EX6                                                                   10/31/2018 15:06:15 PAGE 1   


C51 COMPILER V9.01, COMPILATION OF MODULE EX6
OBJECT MODULE PLACED IN ex6.OBJ
COMPILER INVOKED BY: D:\Èí¼þ\keil\C51\BIN\C51.EXE ex6.c BROWSE DEBUG OBJECTEXTEND

line level    source

   1          #include"stc15f2k60s2.h"
   2          #include"intrins.h"
   3          
   4          unsigned char code dis[]={0x3f,0x06,0x5b,0x4f,0x66,0x6d,0x7d,0x07,0x7f,0x6f};
   5          
   6          void delay(void)//ÑÓÊ±º¯Êý
   7          {
   8   1          unsigned char i,j,k;
   9   1          for(i=0; i<20; i++)
  10   1          {
  11   2              for(j=0; j<2; j++)
  12   2              {                                               
  13   3                  for(k=0; k<20; k++);
  14   3              }
  15   2          } 
  16   1      }
  17          
  18          void main(void)
  19          {         
  20   1      
  21   1              while(1)  
  22   1                      {
  23   2                       P00=0;
  24   2                       P01=0;
  25   2                       P02=0;
  26   2      
  27   2      
  28   2                       P2=dis[9];
  29   2                       delay();
  30   2      
  31   2                       P00=1;
  32   2                       P01=0;
  33   2                       P02=0;
  34   2                       P2=dis[8];
  35   2                       delay();
  36   2                       P00=0;
  37   2                       P01=1;
  38   2                       P02=0;  P2=dis[7];
  39   2                       delay();
  40   2                       P00=1;
  41   2                       P01=1;
  42   2                       P02=0;   P2=dis[6];
  43   2                       delay();
  44   2                       P00=0;
  45   2                       P01=0;
  46   2                       P02=1;    P2=dis[5];
  47   2                       delay();
  48   2                       P00=1;
  49   2                       P01=0;
  50   2                       P02=1;   P2=dis[4];
  51   2                       delay();
  52   2                       P00=0;
  53   2                       P01=1;
  54   2                       P02=1;    P2=dis[3];
  55   2                       delay();
C51 COMPILER V9.01   EX6                                                                   10/31/2018 15:06:15 PAGE 2   

  56   2                       P00=1;
  57   2                       P01=1;
  58   2                       P02=1;   P2=dis[2];
  59   2                       delay();
  60   2                       delay();
  61   2      
  62   2              
  63   2              
  64   2                  }
  65   1      }
  66          
  67          
  68          
  69          


MODULE INFORMATION:   STATIC OVERLAYABLE
   CODE SIZE        =    125    ----
   CONSTANT SIZE    =     10    ----
   XDATA SIZE       =   ----    ----
   PDATA SIZE       =   ----    ----
   DATA SIZE        =   ----    ----
   IDATA SIZE       =   ----    ----
   BIT SIZE         =   ----    ----
END OF MODULE INFORMATION.


C51 COMPILATION COMPLETE.  0 WARNING(S),  0 ERROR(S)
