C51 COMPILER V9.00   KEY                                                                   04/29/2019 12:49:23 PAGE 1   


C51 COMPILER V9.00, COMPILATION OF MODULE KEY
OBJECT MODULE PLACED IN key.OBJ
COMPILER INVOKED BY: D:\Program Files (x86)\keil\C51\BIN\C51.EXE key.c BROWSE DEBUG OBJECTEXTEND

line level    source

   1          #include "key.h"
   2          
   3          unsigned char Key_Scan(void)
   4          {
   5   1              static unsigned char state = 0;
   6   1              static unsigned char LAST_Dat = 0xff,NOW_Dat = 0xff;
   7   1              static unsigned int Long_Num = 0;
   8   1              unsigned char Key_Value = 0xff;
   9   1              NOW_Dat = key();
  10   1              switch(state)
  11   1              {
  12   2              case 0 :        if(NOW_Dat != LAST_Dat)                   //判断是否有按键按下
  13   2                                              state = 1;
  14   2                                      break;
  15   2              case 1 :        if(NOW_Dat == LAST_Dat)                   //去抖防止干扰进入
  16   2                                              state = 2;
  17   2                                      else
  18   2                                              state = 0;
  19   2                                      break;
  20   2              case 2 :        if(NOW_Dat == LAST_Dat)                   //如果是长按进入3检测若不是返回短按键值
  21   2                                              state = 3;
  22   2                                      else
  23   2                                      {
  24   3                                      state = 0;
  25   3                                      Key_Value = Shot_Dat;
  26   3                                      }
  27   2                                      break;
  28   2              case 3 :        if(NOW_Dat == LAST_Dat)                  //若长按时间大于设定时间，
  29   2                                      {                                                                //返回长按键值，否则返回短按键值
  30   3                                              Long_Num++;
  31   3                                              if(Long_Num > 2000)
  32   3                                              {
  33   4                                                      Long_Num = 0;
  34   4                                                      state = 4;
  35   4                                                      Key_Value = Long_Dat;
  36   4                                              }
  37   3                                      }
  38   2                                      else
  39   2                                      {
  40   3                                              state = 0 ;
  41   3                                              Key_Value = Shot_Dat;
  42   3                                      }       
  43   2                                      break;
  44   2              case 4 :        if(NOW_Dat != LAST_Dat)                 //检测长按按键是否松开
  45   2                                      {
  46   3                                              state = 0;
  47   3                                      }
  48   2                                      break;
  49   2              }                                 
  50   1              LAST_Dat = NOW_Dat;
  51   1              return Key_Value;
  52   1      }
  53          unsigned char key(void)
  54          {
  55   1              unsigned char For_Num=0;
C51 COMPILER V9.00   KEY                                                                   04/29/2019 12:49:23 PAGE 2   

  56   1              unsigned char value = 0xff;
  57   1              unsigned char left_num = 0xfe;
  58   1      
  59   1              for(For_Num=0;For_Num<4;For_Num++)
  60   1              {
  61   2                      P3 = left_num;
  62   2                      if((P3 != left_num)||(P42==0)||(P44==0))
  63   2                      {
  64   3                              value = (P3&0x3f) | ((P42&0x04)<<4) | ((P44&0x10)<<3);
  65   3                              break;
  66   3                      }
  67   2                      left_num=_crol_(left_num,1);
  68   2              }
  69   1              return value;
  70   1      }


MODULE INFORMATION:   STATIC OVERLAYABLE
   CODE SIZE        =    186    ----
   CONSTANT SIZE    =   ----    ----
   XDATA SIZE       =   ----    ----
   PDATA SIZE       =   ----    ----
   DATA SIZE        =      5       1
   IDATA SIZE       =   ----    ----
   BIT SIZE         =   ----    ----
END OF MODULE INFORMATION.


C51 COMPILATION COMPLETE.  0 WARNING(S),  0 ERROR(S)
