C51 COMPILER V9.00   MAIN                                                                  04/29/2019 12:49:23 PAGE 1   


C51 COMPILER V9.00, COMPILATION OF MODULE MAIN
OBJECT MODULE PLACED IN main.OBJ
COMPILER INVOKED BY: D:\Program Files (x86)\keil\C51\BIN\C51.EXE main.c BROWSE DEBUG OBJECTEXTEND

line level    source

   1          #include <STC15F2K60S2.H>
   2          #include <intrins.H>
   3          #include "key.h"
   4          
   5          unsigned int time0_num=0;
   6          unsigned int Key_Value=0xff00;
   7          void Timer0Init(void);
   8          void Delay10ms();
   9          void main(void)
  10          {
  11   1              Timer0Init();
  12   1              while(1)
  13   1              {
  14   2                      Key_Value = Key_Scan();
  15   2                      if(Key_Value != 0xff00)
  16   2                      {
  17   3                              if((Key_Value&0x0001)==1)
  18   3                              {
  19   4                              }
  20   3                              else
  21   3                              {
  22   4                              }
  23   3                              if((Key_Value&0x0002)==1)
  24   3                              {
  25   4                              }
  26   3                              else
  27   3                              {
  28   4                              }
  29   3                      }
  30   2                      if(P10==1)
  31   2                      {
  32   3                              Delay10ms();
  33   3                              if(P10==1)
  34   3                              {
  35   4                              time0_num=0;
  36   4                              TR0 = 0;
  37   4                              P11 = 0;
  38   4                              }
  39   3                      }
  40   2                      else
  41   2                      {       TR0 = 1;
  42   3                              if((time0_num>=500)&&(P10==0))
  43   3                              {
  44   4                                      TR0 = 0;
  45   4                                      P11=1;  
  46   4                              }
  47   3                      }               
  48   2              }
  49   1      }
  50          void Delay10ms()                //@11.0592MHz
  51          {
  52   1              unsigned char i, j;
  53   1      
  54   1              _nop_();
  55   1              _nop_();
C51 COMPILER V9.00   MAIN                                                                  04/29/2019 12:49:23 PAGE 2   

  56   1              _nop_();
  57   1              i = 11;
  58   1              j = 190;
  59   1              do
  60   1              {
  61   2                      while (--j);
  62   2              } while (--i);
  63   1      }
  64          void Timer0Init(void)           //50毫秒@11.0592MHz
  65          {
  66   1              AUXR &= 0x7F;           //定时器时钟12T模式
  67   1              TMOD &= 0xF0;           //设置定时器模式
  68   1              TL0 = 0x00;             //设置定时初值
  69   1              TH0 = 0x4C;             //设置定时初值
  70   1              TF0 = 0;                //清除TF0标志
  71   1              TR0 = 1;                //定时器0开始计时
  72   1              ET0 = 1;
  73   1              EA = 1; 
  74   1      }
  75          void time0() interrupt 1
  76          {
  77   1              if(time0_num>=4000)
  78   1                      time0_num=0;
  79   1              else
  80   1                      time0_num++;
  81   1      }


MODULE INFORMATION:   STATIC OVERLAYABLE
   CODE SIZE        =    122    ----
   CONSTANT SIZE    =   ----    ----
   XDATA SIZE       =   ----    ----
   PDATA SIZE       =   ----    ----
   DATA SIZE        =      4    ----
   IDATA SIZE       =   ----    ----
   BIT SIZE         =   ----    ----
END OF MODULE INFORMATION.


C51 COMPILATION COMPLETE.  0 WARNING(S),  0 ERROR(S)
