C51 COMPILER V9.00   IIC                                                                   11/09/2019 14:34:13 PAGE 1   


C51 COMPILER V9.00, COMPILATION OF MODULE IIC
OBJECT MODULE PLACED IN iic.OBJ
COMPILER INVOKED BY: D:\Program Files (x86)\keil\C51\BIN\C51.EXE iic.c BROWSE DEBUG OBJECTEXTEND

line level    source

   1          #include "iic.h"
   2          
   3          //总线引脚定义
   4          sbit SDA = P2^1;  /* 数据线 */
   5          sbit SCL = P2^0;  /* 时钟线 */
   6          
   7          void Delay5us()         //@11.0592MHz
   8          {
   9   1              unsigned char i;
  10   1      
  11   1              _nop_();
  12   1              i = 11;
  13   1              while (--i);
  14   1      }
  15          //总线启动条件
  16          void IIC_Start(void)
  17          {
  18   1          SDA = 1;
  19   1          SCL = 1;
  20   1          Delay5us();
  21   1          SDA = 0;
  22   1          Delay5us();
  23   1          SCL = 0;    
  24   1      }
  25          
  26          //总线停止条件
  27          void IIC_Stop(void)
  28          {
  29   1          SDA = 0;
  30   1          SCL = 1;
  31   1          Delay5us();
  32   1          SDA = 1;
  33   1          Delay5us();
  34   1      }
  35          
  36          //发送应答
  37          void IIC_SendAck(bit ackbit)
  38          {
  39   1          SCL = 0;
  40   1          SDA = ackbit;                                       // 0：应答，1：非应答
  41   1          Delay5us();
  42   1          SCL = 1;
  43   1          Delay5us();
  44   1          SCL = 0; 
  45   1          SDA = 1;
  46   1          Delay5us();
  47   1      }
  48          
  49          //等待应答
  50          bit IIC_WaitAck(void)
  51          {
  52   1          bit ackbit;
  53   1              
  54   1          SCL  = 1;
  55   1          Delay5us();
C51 COMPILER V9.00   IIC                                                                   11/09/2019 14:34:13 PAGE 2   

  56   1          ackbit = SDA;
  57   1          SCL = 0;
  58   1          Delay5us();
  59   1          return ackbit;
  60   1      }
  61          
  62          //通过I2C总线发送数据
  63          void IIC_SendByte(unsigned char byt)
  64          {
  65   1          unsigned char i;
  66   1      
  67   1          for(i=0; i<8; i++)
  68   1          {
  69   2              SCL  = 0;
  70   2              Delay5us();
  71   2              if(byt & 0x80) SDA  = 1;
  72   2              else SDA  = 0;
  73   2              Delay5us();
  74   2              SCL = 1;
  75   2              byt <<= 1;
  76   2              Delay5us();
  77   2          }
  78   1          SCL  = 0;  
  79   1      }
  80          
  81          //从I2C总线上接收数据
  82          unsigned char IIC_RecByte(void)
  83          {
  84   1          unsigned char i, da;
  85   1          for(i=0; i<8; i++)
  86   1          {   
  87   2              SCL = 1;
  88   2              Delay5us();
  89   2              da <<= 1;
  90   2              if(SDA) da |= 1;
  91   2              SCL = 0;
  92   2              Delay5us();
  93   2          }
  94   1          return da;    
  95   1      }
  96          void IIC_send_dat(unsigned char dev ,unsigned char dev_dat ,unsigned char dat)
  97          {
  98   1              IIC_Start();
  99   1              IIC_SendByte(dev);
 100   1              IIC_WaitAck();
 101   1      
 102   1              IIC_SendByte(dev_dat);
 103   1              IIC_WaitAck();
 104   1      
 105   1              IIC_SendByte(dat);
 106   1              IIC_WaitAck();
 107   1      
 108   1              IIC_Stop();
 109   1      
 110   1      }
 111          unsigned char IIC_read_dat(unsigned char dev ,unsigned char dev_dat)
 112          {
 113   1              unsigned char dat;
 114   1              IIC_Start();
 115   1      
 116   1              IIC_SendByte(dev);
 117   1              IIC_WaitAck();
C51 COMPILER V9.00   IIC                                                                   11/09/2019 14:34:13 PAGE 3   

 118   1      
 119   1              IIC_SendByte(dev_dat);
 120   1              IIC_WaitAck();
 121   1      
 122   1              IIC_Stop();
 123   1      
 124   1              IIC_Start();
 125   1              IIC_SendByte(dev + 1);
 126   1              IIC_WaitAck();
 127   1      
 128   1              dat = IIC_RecByte();
 129   1      
 130   1              IIC_Stop();
 131   1              return dat;
 132   1      }
 133          


MODULE INFORMATION:   STATIC OVERLAYABLE
   CODE SIZE        =    218    ----
   CONSTANT SIZE    =   ----    ----
   XDATA SIZE       =   ----    ----
   PDATA SIZE       =   ----    ----
   DATA SIZE        =   ----    ----
   IDATA SIZE       =   ----    ----
   BIT SIZE         =   ----       2
END OF MODULE INFORMATION.


C51 COMPILATION COMPLETE.  0 WARNING(S),  0 ERROR(S)
