C51 COMPILER V9.00   KEY                                                                   11/09/2019 14:34:13 PAGE 1   


C51 COMPILER V9.00, COMPILATION OF MODULE KEY
OBJECT MODULE PLACED IN key.OBJ
COMPILER INVOKED BY: D:\Program Files (x86)\keil\C51\BIN\C51.EXE key.c BROWSE DEBUG OBJECTEXTEND

line level    source

   1          #include "key.h"
   2          
   3          unsigned char key_state( void )
   4          {
   5   1              static unsigned char new_dat = 0xff,old_dat = 0xff;
   6   1              static unsigned char state = 0;
   7   1              static unsigned int key_down_count = 0;
   8   1              unsigned char key_value = 0xff;
   9   1              new_dat = key();
  10   1              switch( state ) 
  11   1              {
  12   2              case 0 :  if( new_dat != old_dat )
  13   2                                              state = 1;
  14   2                                      break;
  15   2              case 1 :  if( new_dat == old_dat )
  16   2                                              state = 2;
  17   2                                else
  18   2                                              state = 0;
  19   2                                      break;
  20   2              case 2 :  if( new_dat == old_dat )
  21   2                                              state = 3;
  22   2                                else
  23   2                                {
  24   3                                              key_value = old_dat;
  25   3                                              state = 0;
  26   3                                }
  27   2                                      break;
  28   2              case 3 :  if( new_dat == old_dat )
  29   2                                {
  30   3                                              key_down_count++;
  31   3                                              if(key_down_count == 699)
  32   3                                              {
  33   4                                                      key_down_count = 0;
  34   4                                                      state = 4;
  35   4                                                      key_value = old_dat | Key_down_long;
  36   4                                              }
  37   3                                }                     
  38   2                                else
  39   2                                {
  40   3                                              key_down_count = 0;
  41   3                                              key_value = old_dat;
  42   3                                              state = 0;
  43   3                                }
  44   2                                      break;
  45   2              case 4 :  if( new_dat != old_dat )
  46   2                                      {
  47   3                                              state = 0;
  48   3                                              return Key_up;
  49   3                                      }
  50   2                                      break;
  51   2              }
  52   1              old_dat = new_dat;
  53   1              return key_value;
  54   1      }
  55          
C51 COMPILER V9.00   KEY                                                                   11/09/2019 14:34:13 PAGE 2   

  56          unsigned char key( void )
  57          {
  58   1              unsigned char dat = 0xff;
  59   1              if( P30 == 0 )
  60   1                      dat = S7;
  61   1              if( P31 == 0 )
  62   1                      dat = S6;
  63   1              if( P32 == 0 )
  64   1                      dat = S5;
  65   1              if( P33 == 0 )
  66   1                      dat = S4;
  67   1              return dat;
  68   1      }


MODULE INFORMATION:   STATIC OVERLAYABLE
   CODE SIZE        =    157    ----
   CONSTANT SIZE    =   ----    ----
   XDATA SIZE       =   ----    ----
   PDATA SIZE       =   ----    ----
   DATA SIZE        =      5       1
   IDATA SIZE       =   ----    ----
   BIT SIZE         =   ----    ----
END OF MODULE INFORMATION.


C51 COMPILATION COMPLETE.  0 WARNING(S),  0 ERROR(S)
