C51 COMPILER V9.00   SERIAL_PORT                                                           10/17/2019 15:24:02 PAGE 1   


C51 COMPILER V9.00, COMPILATION OF MODULE SERIAL_PORT
OBJECT MODULE PLACED IN serial_port.OBJ
COMPILER INVOKED BY: C:\Keil\C51\BIN\C51.EXE serial_port.c COMPACT BROWSE DEBUG OBJECTEXTEND

line level    source

   1          #include "serial_port.h"
   2          
   3          
   4          //初始化串口1
   5          void serial_one_init()
   6          {
   7   1          SCON |= 0x40;          //8位数据
   8   1          P_SW1 &=  ~0xc0;       //UART1 使用P30 P31口  默认
   9   1          TR1 = 0;               //关闭定时器
  10   1          AUXR &= ~0x01;      //S1 BRT Use Timer1;
  11   1          TMOD &= ~(1<<6);    //Timer1 set As Timer
  12   1          TMOD &= ~0x30;      //Timer1_16bitAutoReload;2
  13   1          AUXR |=  (1<<6);    //Timer1 set as 1T mode
  14   1          TH1 = (unsigned char)(Timer1_Reload >> 8);          //定时器高八位赋初值
  15   1          TL1 = (unsigned char)Timer1_Reload;                 //定时器低八位赋初值
  16   1          TR1 = 1;    //打开定时器
  17   1          PS = 1;     //高优先级中断
  18   1          REN = 1;    //允许接收
  19   1          ES  = 1;    //允许中断
  20   1          EA = 1;     //允许全局中断
  21   1      }
  22          
  23          //串口1发送一个字节
  24          void serial_one_send_byte(unsigned char dat)
  25          {
  26   1          SBUF = dat;   //发送数据
  27   1          while(!TI);   //等待发送完毕
  28   1          TI=0;         //清除发送标志
  29   1      }
  30          
  31          //串口1发送字符串
  32          void serial_one_send_string(unsigned char *dat)
  33          {
  34   1          while(*dat)
  35   1              serial_one_send_byte(*dat++);
  36   1      }
  37          
  38          //串口1发送指定指定长度数据
  39          void serial_one_send_length_string(unsigned char *dat,unsigned char length)
  40          {
  41   1          unsigned char i=0;
  42   1          for(;i < length;i++)
  43   1              serial_one_send_byte(dat[i]);
  44   1      }


MODULE INFORMATION:   STATIC OVERLAYABLE
   CODE SIZE        =    140    ----
   CONSTANT SIZE    =   ----    ----
   XDATA SIZE       =   ----    ----
   PDATA SIZE       =      3       6
   DATA SIZE        =   ----    ----
   IDATA SIZE       =   ----    ----
   BIT SIZE         =   ----    ----
END OF MODULE INFORMATION.

C51 COMPILER V9.00   SERIAL_PORT                                                           10/17/2019 15:24:02 PAGE 2   


C51 COMPILATION COMPLETE.  0 WARNING(S),  0 ERROR(S)
