C51 COMPILER V9.01   LED                                                                   06/20/2018 09:00:45 PAGE 1   


C51 COMPILER V9.01, COMPILATION OF MODULE LED
OBJECT MODULE PLACED IN led.OBJ
COMPILER INVOKED BY: D:\软件\keil\C51\BIN\C51.EXE led.c BROWSE DEBUG OBJECTEXTEND

line level    source

   1          #include <reg51.h>
   2          
   3          extern unsigned char code  table0[32] ;
   4          //？？？？？？？定义一个汉字的32个字节的显示码
   5          
   6          /*
   7          
   8          
   9          
  10          */
  11          
  12          void sendonebyte(unsigned char  x)
  13          {
  14   1        char i;       
  15   1              for(i=0;i<8;i++)          //循环8次把编码传给锁存器     
  16   1              {
  17   2                      x=x>>1;       //右移一位，取出该字节的最低位 
  18   2                      DS=CY;            //将该字节的最低位传给R
*** ERROR C202 IN LINE 18 OF LED.C: 'DS': undefined identifier
  19   2                      SHCP=0;          //将数据移入595，上升沿 
*** ERROR C202 IN LINE 19 OF LED.C: 'SHCP': undefined identifier
  20   2                      SHCP=1;                    
*** ERROR C202 IN LINE 20 OF LED.C: 'SHCP': undefined identifier
  21   2              }     
  22   1          
  23   1      }
  24          
  25          
  26          
  27          /*
  28          
  29          
  30          
  31          */
  32          void diaplay(unsigned char *p)
  33          {
  34   1          int i;
  35   1          for(i=0;i<16;i++)
  36   1         {
  37   2            sendonebyte(*(p+2*i+1));
  38   2            sendonebyte(p[2*i]);
  39   2            STCP=1;
*** ERROR C202 IN LINE 39 OF LED.C: 'STCP': undefined identifier
  40   2            SHCP=I;
*** ERROR C202 IN LINE 40 OF LED.C: 'SHCP': undefined identifier
  41   2            STCP=0;
*** ERROR C202 IN LINE 41 OF LED.C: 'STCP': undefined identifier
  42   2      
  43   2            //YANSHI
  44   2             for(x=0;x<40;x++);
*** ERROR C202 IN LINE 44 OF LED.C: 'x': undefined identifier
  45   2         }
  46   1          //选第0行
  47   1          //送第0行的第一个字节
  48   1           //送第0行的第二个字节
C51 COMPILER V9.01   LED                                                                   06/20/2018 09:00:45 PAGE 2   

  49   1          //延时
  50   1      
  51   1           //选第1行
  52   1          //送第1行的第一个字节
  53   1           //送第1行的第二个字节
  54   1          //延时
  55   1      
  56   1      }
  57          
  58          

C51 COMPILATION COMPLETE.  0 WARNING(S),  7 ERROR(S)
