C51 COMPILER V9.01   MAIN                                                                  06/20/2018 09:00:45 PAGE 1   


C51 COMPILER V9.01, COMPILATION OF MODULE MAIN
OBJECT MODULE PLACED IN main.OBJ
COMPILER INVOKED BY: D:\软件\keil\C51\BIN\C51.EXE main.c BROWSE DEBUG OBJECTEXTEND

line level    source

   1          #include <reg51.h>
   2          unsigned char code  table0[] = {
   3          //--  文字:  北  --
   4          //--  宋体12;  此字体下对应的点阵为：宽x高=16x16   -- 
   5          0x00,0x00,0x40,0x84,0x5E,0x44,0x60,0x44,0x40,0x04,0x40,0x04,0x40,0x04,0x40,0x04,
   6          0x40,0x1C,0x7E,0x24,0x40,0x44,0x40,0x04,0x40,0x04,0x40,0x04,0x00,0x00,0x00,0x00}
   7          void main()
*** ERROR C141 IN LINE 7 OF MAIN.C: syntax error near 'void'
   8          {
*** ERROR C141 IN LINE 8 OF MAIN.C: syntax error near '{'
   9             while(1)
  10             {
  11                 diaplay(table0)//调用显示一个汉字子程序
  12             }
*** ERROR C141 IN LINE 12 OF MAIN.C: syntax error near '}'
  13          }

C51 COMPILATION COMPLETE.  0 WARNING(S),  3 ERROR(S)
