C51 COMPILER V9.00   MAIN                                                                  04/29/2019 12:56:20 PAGE 1   


C51 COMPILER V9.00, COMPILATION OF MODULE MAIN
OBJECT MODULE PLACED IN main.OBJ
COMPILER INVOKED BY: D:\Program Files (x86)\keil\C51\BIN\C51.EXE main.c BROWSE DEBUG OBJECTEXTEND

line level    source

   1          #include"stc15fxxxx.h"
   2          #include "intrins.h" 
   3          
   4          
   5          void Timer0Init(void)           //100微秒@11.0592MHz
   6          {
   7   1              AUXR |= 0x80;           //定时器时钟1T模式
   8   1              TMOD &= 0xF0;           //设置定时器模式
   9   1              TL0 = 0xAE;             //设置定时初值
  10   1              TH0 = 0xFB;             //设置定时初值
  11   1              TF0 = 0;                //清除TF0标志
  12   1              TR0 = 1;                //定时器0开始计时
  13   1              ET0 = 1;
  14   1              EA = 1;     //允许全局中断
  15   1      }
  16          void Delay10ms()                //@11.0592MHz
  17          {
  18   1              unsigned char i, j;
  19   1      
  20   1              i = 108;
  21   1              j = 145;
  22   1              do
  23   1              {
  24   2                      while (--j);
  25   2              } while (--i);
  26   1      }
  27          
  28          unsigned char key_scan(void)
  29          {
  30   1              unsigned char key_value=0xff,left_num=0xfe,for_num=0;
  31   1              for(for_num=0;for_num<4;for_num++)
  32   1              {
  33   2                      P3=left_num;
  34   2                      if((P3!=left_num)||P42==0||P44==0)
  35   2                      {
  36   3                              key_value=(P3&0x3f)|((P4&0x04)<<4)|((P4&0x10)<<3);
  37   3                              break;
  38   3                      }
  39   2                      left_num=_crol_(left_num,1);
  40   2              }
  41   1              return key_value;
  42   1      }
  43          unsigned char time0_num;
  44          unsigned int Open_Close=0;
  45          unsigned int Open_Close_Hz=0;
  46          bit Open_Close_flag=1;
  47          unsigned char num=0;
  48          void main()
  49          {
  50   1              
  51   1              bit key_flag=0;
  52   1              Timer0Init();
  53   1              
  54   1              while(1)
  55   1              {
C51 COMPILER V9.00   MAIN                                                                  04/29/2019 12:56:20 PAGE 2   

  56   2                      if((key_scan()!=0xff)&&(key_flag==0))
  57   2                      {
  58   3                              key_flag=1;
  59   3                              Delay10ms();
  60   3                              Delay10ms();
  61   3                              Delay10ms();
  62   3                              Delay10ms();
  63   3                              Delay10ms();
  64   3                              if(key_scan()==0x7e)
  65   3                                      num++;
  66   3                              if(key_scan()==0x7d)
  67   3                                      Open_Close_Hz+=1000;
  68   3                              if(key_scan()==0x7b)
  69   3                              {
  70   4                                      P11=0;
  71   4                                      EA=~EA;
  72   4                              }
  73   3      
  74   3                      }
  75   2                      if(key_scan()==0xff)
  76   2                              key_flag=0;
  77   2      
  78   2                      if(Open_Close_Hz>5000)
  79   2                              Open_Close_Hz=0;
  80   2                      if(num>10)
  81   2                              num=0;
  82   2      
  83   2                  
  84   2          }
  85   1      }
  86          
  87          void TIME0 (void) interrupt 1
  88          {
  89   1              if(time0_num>=10)
  90   1              {
  91   2                      time0_num=0;
  92   2                      if(Open_Close_flag)
  93   2                              P11=1;
  94   2              }
  95   1              else
  96   1                      time0_num++;
  97   1              if(time0_num>=num)
  98   1                      {
  99   2                              P11=0;
 100   2                      }
 101   1              if(Open_Close_Hz!=0)
 102   1              {
 103   2                      if(Open_Close>Open_Close_Hz)
 104   2                      {
 105   3                              Open_Close_flag=~Open_Close_flag;
 106   3                              Open_Close=0;
 107   3                      }
 108   2                      else
 109   2                              Open_Close++;
 110   2              }
 111   1              else
 112   1                      Open_Close_flag=1;
 113   1      }


MODULE INFORMATION:   STATIC OVERLAYABLE
   CODE SIZE        =    270    ----
C51 COMPILER V9.00   MAIN                                                                  04/29/2019 12:56:20 PAGE 3   

   CONSTANT SIZE    =   ----    ----
   XDATA SIZE       =   ----    ----
   PDATA SIZE       =   ----    ----
   DATA SIZE        =      6    ----
   IDATA SIZE       =   ----    ----
   BIT SIZE         =      1       1
END OF MODULE INFORMATION.


C51 COMPILATION COMPLETE.  0 WARNING(S),  0 ERROR(S)
