C51 COMPILER V9.01   EX3                                                                   10/31/2018 19:47:38 PAGE 1   


C51 COMPILER V9.01, COMPILATION OF MODULE EX3
OBJECT MODULE PLACED IN ex3.OBJ
COMPILER INVOKED BY: D:\软件\keil\C51\BIN\C51.EXE ex3.c BROWSE DEBUG OBJECTEXTEND

line level    source

   1          
   2          #include <STC15F2K60S2.H>
   3          
   4          #include<intrins.h>
   5          
   6          unsigned char code tab[]={0x3f,0x06,0x5b,0x4f,0x66,0x6d,0x7d,0x07,0x7f,0x6f};
   7          unsigned char dbuf[8] = {0,1,2,3,4,5,6,7};  //显示缓冲区
   8          unsigned char dspcom=0;
   9          
  10          unsigned char key_scan();
  11          
  12          void display(void);
  13          void delay(void)//延时函数
  14          {
  15   1          unsigned char i,j;
  16   1          for(i=0; i<200; i++)
  17   1          {
  18   2              for(j=0; j<1; j++)
  19   2              {                                               
  20   3                ;
  21   3              }
  22   2          } 
  23   1      }
  24          void main()//主函数
  25          {
  26   1      
  27   1              unsigned char aa;
  28   1      
  29   1              while(1)
  30   1                      { 
  31   2                        aa=key_scan(); 
  32   2                      display();
  33   2                       delay();
  34   2                      }
  35   1      }
  36          
  37          unsigned char key_scan() //按键扫描函数
  38          {
  39   1         unsigned char key_value=0xff,n,i;
  40   1         n=0xfe;
  41   1         for(i=1;i<=4;i++)
  42   1              {
  43   2                  P3=n;     //赋值当前扫描行的扫描值
  44   2                       if(P3!=n)//判断当前行是否有按键按下
  45   2                       {
  46   3                key_value=P3;//获取到键值
  47   3                        break;        
  48   3                       }
  49   2                       n=(n<<1)|(n>>7);//若当前行没有按键，循环左移得到下一行的扫描值
  50   2              }
  51   1              return key_value; //返回键值
  52   1      }
  53          
  54          //显示函数
  55          void display(void)
C51 COMPILER V9.01   EX3                                                                   10/31/2018 19:47:38 PAGE 2   

  56          {   
  57   1              P0=(P0&0x1f)|(dspcom<<5);
  58   1              P2=tab[dbuf[dspcom]];
  59   1      
  60   1        if(++dspcom == 8)
  61   1                {
  62   2                 dspcom = 0;
  63   2          }
  64   1      }


MODULE INFORMATION:   STATIC OVERLAYABLE
   CODE SIZE        =     98    ----
   CONSTANT SIZE    =     10    ----
   XDATA SIZE       =   ----    ----
   PDATA SIZE       =   ----    ----
   DATA SIZE        =      9       1
   IDATA SIZE       =   ----    ----
   BIT SIZE         =   ----    ----
END OF MODULE INFORMATION.


C51 COMPILATION COMPLETE.  0 WARNING(S),  0 ERROR(S)
