C51 COMPILER V9.01   EX6                                                                   09/22/2018 11:14:14 PAGE 1   


C51 COMPILER V9.01, COMPILATION OF MODULE EX6
OBJECT MODULE PLACED IN ex6.OBJ
COMPILER INVOKED BY: D:\Èí¼þ\keil\C51\BIN\C51.EXE ex6.c BROWSE DEBUG OBJECTEXTEND

line level    source

   1          #include"stc15f2k60s2.h"
   2          #include"intrins.h"
   3          #include "DS1302.h"
   4          unsigned char code dis[]={0x3f,0x06,0x5b,0x4f,0x66,0x6d,0x7d,0x07,0x7f,0x6f,0x00};
   5          unsigned char dbuf[]={10,10,10,10,10,10,10,10};
   6          void display();
   7          extern u8 second,minute,hour,week,date,mouth,year;
   8          
   9          void Delay5ms()         //@11.0592MHz
  10          {
  11   1              unsigned char i, j;
  12   1      
  13   1              i = 9;
  14   1              j = 244;
  15   1              do
  16   1              {
  17   2                      while (--j);
  18   2              } while (--i);
  19   1      }
  20          
  21          
  22          
  23          
  24          void main(void)
  25          {               
  26   1              DS1302_init();//³õÊ¼»¯DS1302
  27   1              Wrds1302_init();  
  28   1      
  29   1              while(1)  
  30   1                      {
  31   2                              Rdds1302_init();
  32   2                              dbuf[6]=second/10;
  33   2                              dbuf[7]=second%10;
  34   2                              dbuf[4]=minute/10;
  35   2                              dbuf[5]=minute%10;
  36   2                              dbuf[2]=hour/10;
  37   2                              dbuf[3]=hour%10;
  38   2                              dbuf[0]=mouth/10;
  39   2                              dbuf[1]=mouth%10;  
  40   2                              Delay5ms();
  41   2                              display();
  42   2                  }
  43   1      }
  44          
  45          sfr dat_ = 0xa0;
  46          
  47          //sbit cmd = P1^4;
  48          unsigned char a=0;
  49          
  50          void display()
  51          {
  52   1      //  ch_=(ch_&0xf8)|a;
  53   1      //  cmd=1;
  54   1        dat_=dis[dbuf[a]];
  55   1        P0=a;
C51 COMPILER V9.01   EX6                                                                   09/22/2018 11:14:14 PAGE 2   

  56   1      //  cmd=0;
  57   1        a++;
  58   1        if(a>=8)
  59   1        a=0;
  60   1      
  61   1        
  62   1      }
  63          
  64          


MODULE INFORMATION:   STATIC OVERLAYABLE
   CODE SIZE        =    122    ----
   CONSTANT SIZE    =     11    ----
   XDATA SIZE       =   ----    ----
   PDATA SIZE       =   ----    ----
   DATA SIZE        =      9    ----
   IDATA SIZE       =   ----    ----
   BIT SIZE         =   ----    ----
END OF MODULE INFORMATION.


C51 COMPILATION COMPLETE.  0 WARNING(S),  0 ERROR(S)
