C51 COMPILER V9.01   LED1602                                                               09/22/2018 21:45:54 PAGE 1   


C51 COMPILER V9.01, COMPILATION OF MODULE LED1602
OBJECT MODULE PLACED IN LED1602.OBJ
COMPILER INVOKED BY: D:\软件\keil\C51\BIN\C51.EXE LED1602.C BROWSE DEBUG OBJECTEXTEND

line level    source

   1          #include"stc15fxxxx.h"                                                  
   2          sbit RS=P2^0;           //数据/命令寄存器选择控制端
   3          sbit RW=P2^1;           //读写控制端
   4          sbit E=P2^2;            //使能控制器
   5          sfr LCD=0x80;           //P0作为总线端口
   6          sbit BF=LCD^7;          //BF在P0.7上传输
   7           /********************************************
   8          功能：延时函数
   9          入口参数：
  10          出口参数：无
  11          *********************************************/
  12          
  13             void delay(int n)
  14             {
  15   1            int i;
  16   1                for(i=0;i<n;i++);
  17   1         }
  18          /********************************************
  19          功能：向液晶屏写入命令
  20          入口参数：cmd
  21          出口参数：无
  22          *********************************************/
  23          void lcd_cmd(u8 cmd)
  24          {
  25   1              LCD=cmd;
  26   1              RS=0;                           //选择命令寄存器
  27   1              RW=0;                           //执行写数据操作
  28   1              E=1;
  29   1              _nop_();
  30   1              E=0;
  31   1              delay(50);
  32   1      
  33   1      }
  34          /*************************************
  35          功能：向液晶屏写入数据
  36          入口参数：dat
  37          出口参数：无
  38          **************************************/
  39          void lcd_dat(u8 dat)
  40          {
  41   1              LCD=dat;                        //显示数据送总线
  42   1              RS=1;
  43   1              RW=0;
  44   1              E=1;
  45   1              _nop_();
  46   1              E=0;                            //使能信号有效
  47   1              _nop_();
  48   1              delay(50);
  49   1      
  50   1      }
  51          /*******************************************
  52          液晶屏初始化
  53          入口参数：无
  54          出口参数：无
  55          *********************************************/
C51 COMPILER V9.01   LED1602                                                               09/22/2018 21:45:54 PAGE 2   

  56          void init_lcd(void)
  57          {
  58   1              lcd_cmd(0x01);          // 清屏
  59   1              lcd_cmd(0x3c);          //设置双行
  60   1              lcd_cmd(0x0C);          //关闭光标
  61   1              lcd_cmd(0x80);          //显示在第一行
  62   1      }
  63          
  64          
  65          
  66          
  67          
  68          
  69          


MODULE INFORMATION:   STATIC OVERLAYABLE
   CODE SIZE        =     81    ----
   CONSTANT SIZE    =   ----    ----
   XDATA SIZE       =   ----    ----
   PDATA SIZE       =   ----    ----
   DATA SIZE        =   ----    ----
   IDATA SIZE       =   ----    ----
   BIT SIZE         =   ----    ----
END OF MODULE INFORMATION.


C51 COMPILATION COMPLETE.  0 WARNING(S),  0 ERROR(S)
