C51 COMPILER V9.00   MAIN                                                                  01/13/2016 15:08:16 PAGE 1   


C51 COMPILER V9.00, COMPILATION OF MODULE MAIN
OBJECT MODULE PLACED IN main.OBJ
COMPILER INVOKED BY: C:\Keil\C51\BIN\C51.EXE main.c BROWSE DEBUG OBJECTEXTEND

line level    source

   1          //1、用导线将MCU的MCU_IO1---MCU_IO4分别连接到16*16LED的A0、A1、A2、A3。
   2          //2、用导线将MCU的SDA、SCL、PWM0分别连接到16*16LED的SHCR、STCP、DS。
   3          #include        <reg51.h>
   4          unsigned char code  table0[] = {
   5          //--  文字:  刘  --
   6          //--  宋体12;  此字体下对应的点阵为：宽x高=16x16   -- 
   7          0x00,0x00,0x04,0x40,0x08,0x41,0x90,0x49,0xF0,0x48,0x60,0x48,0x50,0x48,0x48,0x48,
   8          0x84,0x48,0x80,0x48,0xFC,0x48,0x00,0x49,0x20,0x40,0x30,0x40,0x00,0x40,0x00,0x00
   9          };
  10          unsigned char turn=0;
  11          
  12          sbit    SHCP = P1^1;
  13          sbit    STCP = P1^2;
  14          sbit    DS   = P1^3;
  15          
  16          
  17          void WriteByte(char dat)          //写一个字节的数据 
  18          {
  19   1              char i; 
  20   1              for(i=0;i<8;i++)          //循环8次把编码传给锁存器     
  21   1              {
  22   2                      dat=dat>>1;       //右移一位，取出该字节的最低位 
  23   2                      DS=CY;            //将该字节的最低位传给R
  24   2                      SHCP=0;          //将数据移入595，上升沿 
  25   2                      SHCP=1;                    
  26   2              }     
  27   1      }
  28          void display(unsigned char *p)
  29          {
  30   1        int x,num,i;
  31   1        for(i=0;i<=25;i++)
  32   1         for(num=0;num<16;num++)
  33   1         { 
  34   2           
  35   2           
  36   2           WriteByte(*(p+2*num+1)); 
  37   2               WriteByte(*(p+2*num)); 
  38   2           
  39   2           STCP=1;                                            
  40   2           P0=num;          //选择对应的行                                                    
  41   2               STCP=0; 
  42   2               for(x=0;x<40;x++);
  43   2         }
  44   1      
  45   1      }
  46          
  47          int main(void)
  48          {       
  49   1              while(1)
  50   1              {       
  51   2                
  52   2                  display(table0);
  53   2                
  54   2              
  55   2              }           
C51 COMPILER V9.00   MAIN                                                                  01/13/2016 15:08:16 PAGE 2   

  56   1      }
  57          


MODULE INFORMATION:   STATIC OVERLAYABLE
   CODE SIZE        =    144    ----
   CONSTANT SIZE    =     32    ----
   XDATA SIZE       =   ----    ----
   PDATA SIZE       =   ----    ----
   DATA SIZE        =      1       5
   IDATA SIZE       =   ----    ----
   BIT SIZE         =   ----    ----
END OF MODULE INFORMATION.


C51 COMPILATION COMPLETE.  0 WARNING(S),  0 ERROR(S)
