C51 COMPILER V9.00   MAIN                                                                  11/10/2019 17:01:49 PAGE 1   


C51 COMPILER V9.00, COMPILATION OF MODULE MAIN
OBJECT MODULE PLACED IN MAIN.OBJ
COMPILER INVOKED BY: D:\Program Files (x86)\keil\C51\BIN\C51.EXE MAIN.C COMPACT BROWSE DEBUG OBJECTEXTEND

line level    source

   1          #include <STC15F2K60S2.H>
   2          #include "main.h"
   3          #include "oled.h"
   4          #include "mfrc522.h"    
   5          
   6          unsigned char code DefaultKey[6] = {0xFF, 0xFF, 0xFF, 0xFF, 0xFF, 0xFF};                 //卡片密钥  
   7          unsigned char idata MLastSelectedSnr[4];                                                                                //卡片UID存放Cache
   8          unsigned char idata RevBuffer[16];                                                                                      //读取数据存放
   9          unsigned char data SerBuffer[16];                                                                                               //发送数据存放
  10          
  11          struct User{                              //定义用户数据
  12                  int ID;
  13                  int Vaccine;
  14                  int Day;
  15          }User_Data;
  16          
  17          
  18          void InitializeSystem()                          //初始化天线
  19          {
  20   1              P0 = 0xFF; P1 = 0xFF; P3 = 0xFF; 
  21   1      
  22   1                              
  23   1              PcdReset();               //RC522初始化
  24   1              PcdAntennaOff(); //关闭天线
  25   1              PcdAntennaOn();  //打开天线
  26   1              M500PcdConfigISOType( 'A' ); //设置卡类型为A    
  27   1              
  28   1      }
  29          
  30          //
  31          //void LCD12864_Display_num(unsigned char x,unsigned char y,unsigned int z){             //LCD在指定位置显示四位数字
  32          //
  33          //      unsigned char display_code[5];
  34          //
  35          //      display_code[0] = z/1000+48;
  36          //      display_code[1] = z/100%10+48;
  37          //      display_code[2] = z/10%10+48;
  38          //      display_code[3] = z%10+48;
  39          //      display_code[4] = '\0';
  40          //      lcd_pos(x,y);           
  41          //      write_str(display_code);
  42          //}
  43          
  44          
  45          void Rx_Data_Parsing(unsigned char *Rx_Data){            //接收数据解析
  46   1              User_Data.ID = Rx_Data[0];
  47   1              User_Data.ID = User_Data.ID <<8;
  48   1              User_Data.ID |= Rx_Data[1];
  49   1      
  50   1              User_Data.Vaccine = Rx_Data[2];
  51   1              User_Data.Vaccine = User_Data.Vaccine <<8;
  52   1              User_Data.Vaccine |= Rx_Data[3];
  53   1      
  54   1              User_Data.Day = Rx_Data[4];
  55   1              User_Data.Day = User_Data.Day <<8;
C51 COMPILER V9.00   MAIN                                                                  11/10/2019 17:01:49 PAGE 2   

  56   1              User_Data.Day |= Rx_Data[5];
  57   1      }
  58          
  59          void Tx_Data_Parsing(){            //发送数据解析
  60   1      
  61   1              SerBuffer[0] =   (User_Data.ID >>8) & 0x00ff;
  62   1              SerBuffer[1] =   User_Data.ID & 0x00ff;
  63   1      
  64   1              SerBuffer[2] =   (User_Data.Vaccine >>8) & 0x00ff;
  65   1              SerBuffer[3] =   User_Data.Vaccine & 0x00ff;
  66   1      
  67   1              SerBuffer[4] =   (User_Data.Day >>8) & 0x00ff;
  68   1              SerBuffer[5] =   User_Data.Day & 0x00ff;
  69   1      }
  70          
  71          unsigned char key_scan(){                         //获取独立键值 
  72   1              unsigned char key_value = 0x00;
  73   1              if(KEY1 == 0){
  74   2                      key_value = Rfid_Button1;
  75   2              }
  76   1              else if(KEY2 == 0){
  77   2                      key_value = Rfid_Button2;
  78   2              }
  79   1              else if(KEY3 == 0){
  80   2                      key_value = Rfid_Button3;
  81   2              }
  82   1              else if(KEY4 == 0){
  83   2                      key_value = Rfid_Button4;
  84   2              }
  85   1              return key_value;
  86   1      }
  87          void main()
  88          {   
  89   1              
  90   1              unsigned char count_for = 0;
  91   1              unsigned char key_state = 1;
  92   1              bit set_flag = 0;
  93   1          InitializeSystem( );
  94   1              OLED_Init();
  95   1              OLED_Clear();
  96   1              OLED_ShowString(8,0,"Welcome To Use",16);
  97   1              OLED_ShowString(16,2,"Pig Info Sys",16);
  98   1              OLED_ShowString(0,6,"Write       Read",16);
  99   1      
 100   1              User_Data.ID = 0;
 101   1              User_Data.Vaccine = 0;
 102   1              User_Data.Day = 0; 
 103   1      
 104   1          while(1)
 105   1          {   
 106   2                      switch(key_scan()){
 107   3      
 108   3                              case Rfid_Button1 : 
 109   3                                      while(1){
 110   4                                              OLED_Init();
 111   4                                              OLED_Clear();
 112   4                                              OLED_ShowString(8,0,"Write Pig Info",16);
 113   4                                              OLED_ShowString(0,2,"ID",16);
 114   4                                              OLED_ShowString(0,4,"Vaccine",16);
 115   4                                              OLED_ShowString(0,6,"Day",16);
 116   4                                              OLED_ShowNum(60,2,User_Data.ID,4,16);
 117   4                                              if(User_Data.Vaccine){                                  //显示设置标志
C51 COMPILER V9.00   MAIN                                                                  11/10/2019 17:01:49 PAGE 3   

 118   5                                                      OLED_ShowString(80,4,"Yes",16);
 119   5                                              }else{
 120   5                                                      OLED_ShowString(80,4,"No ",16);
 121   5                                              }
 122   4                                              OLED_ShowNum(60,6,User_Data.Day,4,16);
 123   4                                              while(1){
 124   5                                                      delay_ms(100);                     //按键防抖与放缓显示刷新
 125   5                                                      set_flag = ~set_flag;              //设置标识判断位
 126   5                                                      if(Rfid_Button2 == key_scan())     //跳出设置进入写
 127   5                                                      {
 128   6                                                              break;
 129   6                                                      }
 130   5                                                      switch(key_state){
 131   6                                                              case 1 :if(Rfid_Button3 == key_scan())                    //判断加减
 132   6                                                                                      User_Data.ID++; 
 133   6                                                                              else if(Rfid_Button4 == key_scan())
 134   6                                                                                      User_Data.ID--;
 135   6                                                                              if(User_Data.ID < 0)               //数据越界判断
 136   6                                                                                      User_Data.ID = 9999;
 137   6                                                                              else if(User_Data.ID >9999)
 138   6                                                                                      User_Data.ID =0;
 139   6                                                                              if(set_flag){                                   //显示设置标志
 140   7                                                                                      OLED_ShowString(32,2,":",16);
 141   7                                                                                      OLED_ShowString(64,4,":",16);
 142   7                                                                                      OLED_ShowString(32,6,":",16);
 143   7                                                                              }else{                                                  //清除设置标志
 144   7                                                                                      OLED_ShowString(32,2," ",16);
 145   7                                                                              }
 146   6                                                                              OLED_ShowNum(60,2,User_Data.ID,4,16);
 147   6                                                                      break;
 148   6                                                              case 2 :if(Rfid_Button3 == key_scan())                          //判断加减
 149   6                                                                                      User_Data.Vaccine = ++User_Data.Vaccine %2; 
 150   6                                                                              else if(Rfid_Button4 == key_scan())
 151   6                                                                                      User_Data.Vaccine = ++User_Data.Vaccine %2;
 152   6      
 153   6                                                                              if(set_flag){                                   //显示设置标志
 154   7                                                                                      OLED_ShowString(64,4,":",16);
 155   7                                                                                      OLED_ShowString(32,2,":",16);
 156   7                                                                                      OLED_ShowString(32,6,":",16);
 157   7                                                                              }else{                                                  //清除设置标志
 158   7                                                                                      OLED_ShowString(64,4," ",16);
 159   7                                                                              }
 160   6                                                                              if(User_Data.Vaccine){                                  //显示设置标志
 161   7                                                                                      OLED_ShowString(80,4,"Yes",16);
 162   7                                                                              }else{
 163   7                                                                                      OLED_ShowString(80,4,"No ",16);
 164   7                                                                              }                                                       
 165   6                                                                      break;
 166   6                                                              case 0 :if(Rfid_Button3 == key_scan())                   //判断加减
 167   6                                                                                      User_Data.Day++; 
 168   6                                                                              else if(Rfid_Button4 == key_scan())
 169   6                                                                                      User_Data.Day--;
 170   6                                                                              if(User_Data.Day < 0)                           //数据越界判断
 171   6                                                                                      User_Data.Day = 9999;
 172   6                                                                              else if(User_Data.Day >9999)
 173   6                                                                                      User_Data.Day =0;
 174   6                                                                              if(set_flag){                                   //显示设置标志
 175   7                                                                                      OLED_ShowString(32,6,":",16);
 176   7                                                                                      OLED_ShowString(32,2,":",16);
 177   7                                                                                      OLED_ShowString(64,4,":",16);
 178   7                                                                              }else{                                                  //清除设置标志
 179   7                                                                                      OLED_ShowString(32,6," ",16);
C51 COMPILER V9.00   MAIN                                                                  11/10/2019 17:01:49 PAGE 4   

 180   7                                                                              }
 181   6                                                                              OLED_ShowNum(60,6,User_Data.Day,4,16);
 182   6                                                                      break;
 183   6                                                              default : break;
 184   6                                                              }
 185   5                                                              if(Rfid_Button1 == key_scan())     //进入设置
 186   5                                                              {
 187   6                                                                      key_state = ++key_state % 3;
 188   6                                                              }               
 189   5                                                      }
 190   4                                                      OLED_Init();
 191   4                                                      OLED_Clear();
 192   4                                                      OLED_ShowString(8,2,"Wait for CARDS ",16);
 193   4      
 194   4      
 195   4              
 196   4      //                                              while(0 != PcdHalt())；
 197   4                                                      while(0 != PcdRequest(RFCfgReg,&MLastSelectedSnr[0]));      //读取卡片类型      
 198   4                                                      while(0 != PcdAnticoll(&MLastSelectedSnr[0]));                     // 读取卡片UID
 199   4                                                      while(0 != PcdSelect(MLastSelectedSnr));                                  //选中卡片
 200   4                                                      while(0 != PcdAuthState(PICC_AUTHENT1A,4,DefaultKey,MLastSelectedSnr));    //发送密钥
 201   4                                                      Tx_Data_Parsing();      //解析要发送的数据
 202   4                                                      while(0 != PcdWrite(4,&SerBuffer));                                                      //指定位置写入数据
 203   4                                                      OLED_ShowString(8,2,"Write Data .  ",16);
 204   4                                                      delay_ms(100);
 205   4                                                      OLED_ShowString(8,2,"Write Data .. ",16);
 206   4                                                      delay_ms(100);
 207   4                                                      OLED_ShowString(8,2,"Write Data ...",16);
 208   4                                                      delay_ms(300);
 209   4                                                      OLED_Init();
 210   4                                                      OLED_Clear();
 211   4                                                      OLED_ShowString(8,2,"Sucess ",16);
 212   4                                                      delay_ms(300);
 213   4                                                      OLED_Init();
 214   4                                                      OLED_Clear();
 215   4                                                      OLED_ShowString(8,0,"Welcome To Use",16);
 216   4                                                      OLED_ShowString(16,2,"Pig Info Sys",16);
 217   4                                                      OLED_ShowString(0,6,"Write       Read",16);
 218   4                                                      break;
 219   4                                              }
 220   3                                      break;
 221   3      
 222   3                              case Rfid_Button2 : 
 223   3      
 224   3                                              OLED_Init();
 225   3                                              OLED_Clear();
 226   3                                              OLED_ShowString(8,0,"Read Pig Info",16);
 227   3                                              OLED_ShowString(0,4,"Waiting for Card",16);
 228   3      
 229   3      //                                      while(0 != PcdHalt());
 230   3                                              while(0 != PcdRequest(RFCfgReg,&MLastSelectedSnr[0]));           //读取卡片类型
 231   3                                              while(0 != PcdAnticoll(&MLastSelectedSnr[0]));                           //读取卡片UID
 232   3                                              while(0 != PcdSelect(MLastSelectedSnr));                                                //选中卡片
 233   3                                              while(0 != PcdAuthState(PICC_AUTHENT1A,4,DefaultKey,MLastSelectedSnr)); //发送密钥
 234   3                                              while(0 != PcdRead(4,&RevBuffer));                                                      //读取指定位置的数据
 235   3                                              OLED_Init();
 236   3                                              OLED_Clear();
 237   3                                              OLED_ShowString(16,0,"Read Sucess",16);
 238   3                                              delay_ms(500);
 239   3                                              Rx_Data_Parsing(&RevBuffer);
 240   3      
 241   3                                              OLED_Init();
C51 COMPILER V9.00   MAIN                                                                  11/10/2019 17:01:49 PAGE 5   

 242   3                                              OLED_Clear();
 243   3                                              OLED_ShowString(8,0,"Read Pig Info",16);
 244   3                                              OLED_ShowString(0,2,"ID",16);
 245   3                                              OLED_ShowString(0,4,"Vaccine",16);
 246   3                                              OLED_ShowString(0,6,"Day",16);
 247   3                                              OLED_ShowNum(60,2,User_Data.ID,4,16);
 248   3                                              if(User_Data.Vaccine){                                  //显示设置标志
 249   4                                                      OLED_ShowString(80,4,"Yes",16);
 250   4                                              }else{
 251   4                                                      OLED_ShowString(80,4,"No ",16);
 252   4                                              }
 253   3                                              OLED_ShowNum(60,6,User_Data.Day,4,16);
 254   3                                              delay_ms(200);
 255   3                                              while(key_scan() == 0x00);
 256   3                                              delay_ms(100);
 257   3                                              OLED_Init();
 258   3                                              OLED_Clear();
 259   3                                              OLED_ShowString(8,0,"Welcome To Use",16);
 260   3                                              OLED_ShowString(16,2,"Pig Info Sys",16);
 261   3                                              OLED_ShowString(0,6,"Write       Read",16);
 262   3                                              break;
 263   3      
 264   3                              default : break;
 265   3                      }
 266   2              }
 267   1      
 268   1      }


MODULE INFORMATION:   STATIC OVERLAYABLE
   CODE SIZE        =   1720    ----
   CONSTANT SIZE    =    205    ----
   XDATA SIZE       =   ----    ----
   PDATA SIZE       =      6       2
   DATA SIZE        =     16    ----
   IDATA SIZE       =     20    ----
   BIT SIZE         =   ----       1
END OF MODULE INFORMATION.


C51 COMPILATION COMPLETE.  0 WARNING(S),  0 ERROR(S)
