C51 COMPILER V9.00   DISPLAY                                                               11/09/2019 02:09:28 PAGE 1   


C51 COMPILER V9.00, COMPILATION OF MODULE DISPLAY
OBJECT MODULE PLACED IN display.OBJ
COMPILER INVOKED BY: D:\Program Files (x86)\keil\C51\BIN\C51.EXE display.c BROWSE DEBUG OBJECTEXTEND

line level    source

   1          #include "display.h"
   2          #include "main.h"
   3          u8 code display_dat [] = {0xc0,0xf9,0xa4,0xb0,0x99,0x92,0x82,0xf8,0x80,0x90,0xff,0x8e,0xc6,0xbf};
   4          void display( unsigned char *cache )
   5          {
   6   1              static u8 for_num = 0 , display_crol = 0x01;
   7   1              P0 = 0xff;
   8   1              P2 = P2 & 0x1f | 0xc0;
   9   1              P0 = display_crol;
  10   1              P2 = P2 & 0x1f;
  11   1              P0 = 0xff;
  12   1      
  13   1              P2 = P2 & 0x1f | 0xe0;
  14   1              P0 = display_dat[ cache[ for_num ] ];
  15   1              P2 = P2 & 0x1f;
  16   1      
  17   1              display_crol = _crol_(display_crol,1);
  18   1              if(++for_num == 8)
  19   1              {
  20   2                      for_num = 0;
  21   2              }
  22   1      
  23   1      }
  24          


MODULE INFORMATION:   STATIC OVERLAYABLE
   CODE SIZE        =     70    ----
   CONSTANT SIZE    =     14    ----
   XDATA SIZE       =   ----    ----
   PDATA SIZE       =   ----    ----
   DATA SIZE        =      2    ----
   IDATA SIZE       =   ----    ----
   BIT SIZE         =   ----    ----
END OF MODULE INFORMATION.


C51 COMPILATION COMPLETE.  0 WARNING(S),  0 ERROR(S)
