C51 COMPILER V9.00   IIC                                                                   11/09/2019 02:09:27 PAGE 1   


C51 COMPILER V9.00, COMPILATION OF MODULE IIC
OBJECT MODULE PLACED IN iic.OBJ
COMPILER INVOKED BY: D:\Program Files (x86)\keil\C51\BIN\C51.EXE iic.c BROWSE DEBUG OBJECTEXTEND

line level    source

   1          #include "iic.h"
   2          #include "main.h"
   3          
   4          //总线引脚定义
   5          sbit SDA = P2^1;  /* 数据线 */
   6          sbit SCL = P2^0;  /* 时钟线 */
   7          
   8          void Delay5us()         //@11.0592MHz
   9          {
  10   1              unsigned char i;
  11   1      
  12   1              _nop_();
  13   1              i = 11;
  14   1              while (--i);
  15   1      }
  16          //总线启动条件
  17          void IIC_Start(void)
  18          {
  19   1          SDA = 1;
  20   1          SCL = 1;
  21   1          Delay5us();
  22   1          SDA = 0;
  23   1          Delay5us();
  24   1          SCL = 0;    
  25   1      }
  26          
  27          //总线停止条件
  28          void IIC_Stop(void)
  29          {
  30   1          SDA = 0;
  31   1          SCL = 1;
  32   1          Delay5us();
  33   1          SDA = 1;
  34   1          Delay5us();
  35   1      }
  36          
  37          //发送应答
  38          void IIC_SendAck(bit ackbit)
  39          {
  40   1          SCL = 0;
  41   1          SDA = ackbit;                                       // 0：应答，1：非应答
  42   1          Delay5us();
  43   1          SCL = 1;
  44   1          Delay5us();
  45   1          SCL = 0; 
  46   1          SDA = 1;
  47   1          Delay5us();
  48   1      }
  49          
  50          //等待应答
  51          bit IIC_WaitAck(void)
  52          {
  53   1          bit ackbit;
  54   1              
  55   1          SCL  = 1;
C51 COMPILER V9.00   IIC                                                                   11/09/2019 02:09:27 PAGE 2   

  56   1          Delay5us();
  57   1          ackbit = SDA;
  58   1          SCL = 0;
  59   1          Delay5us();
  60   1          return ackbit;
  61   1      }
  62          
  63          //通过I2C总线发送数据
  64          void IIC_SendByte(unsigned char byt)
  65          {
  66   1          unsigned char i;
  67   1      
  68   1          for(i=0; i<8; i++)
  69   1          {
  70   2              SCL  = 0;
  71   2              Delay5us();
  72   2              if(byt & 0x80) SDA  = 1;
  73   2              else SDA  = 0;
  74   2              Delay5us();
  75   2              SCL = 1;
  76   2              byt <<= 1;
  77   2              Delay5us();
  78   2          }
  79   1          SCL  = 0;  
  80   1      }
  81          
  82          //从I2C总线上接收数据
  83          unsigned char IIC_RecByte(void)
  84          {
  85   1          unsigned char i, da;
  86   1          for(i=0; i<8; i++)
  87   1          {   
  88   2              SCL = 1;
  89   2              Delay5us();
  90   2              da <<= 1;
  91   2              if(SDA) da |= 1;
  92   2              SCL = 0;
  93   2              Delay5us();
  94   2          }
  95   1          return da;    
  96   1      }
  97          void IIC_send_dat(unsigned char dev ,unsigned char dev_dat ,unsigned char dat)
  98          {
  99   1              IIC_Start();
 100   1              IIC_SendByte(dev);
 101   1              IIC_WaitAck();
 102   1      
 103   1              IIC_SendByte(dev_dat);
 104   1              IIC_WaitAck();
 105   1      
 106   1              IIC_SendByte(dat);
 107   1              IIC_WaitAck();
 108   1      
 109   1              IIC_Stop();
 110   1      
 111   1      }
 112          unsigned char IIC_read_dat(unsigned char dev ,unsigned char dev_dat)
 113          {
 114   1              unsigned char dat;
 115   1              IIC_Start();
 116   1      
 117   1              IIC_SendByte(dev);
C51 COMPILER V9.00   IIC                                                                   11/09/2019 02:09:27 PAGE 3   

 118   1              IIC_WaitAck();
 119   1      
 120   1              IIC_SendByte(dev_dat);
 121   1              IIC_WaitAck();
 122   1      
 123   1              IIC_Stop();
 124   1      
 125   1              IIC_Start();
 126   1              IIC_SendByte(dev + 1);
 127   1              IIC_WaitAck();
 128   1      
 129   1              dat = IIC_RecByte();
 130   1      
 131   1              IIC_Stop();
 132   1              return dat;
 133   1      }
 134          


MODULE INFORMATION:   STATIC OVERLAYABLE
   CODE SIZE        =    218    ----
   CONSTANT SIZE    =   ----    ----
   XDATA SIZE       =   ----    ----
   PDATA SIZE       =   ----    ----
   DATA SIZE        =   ----    ----
   IDATA SIZE       =   ----    ----
   BIT SIZE         =   ----       2
END OF MODULE INFORMATION.


C51 COMPILATION COMPLETE.  0 WARNING(S),  0 ERROR(S)
