C51 COMPILER V9.00   KEY                                                                   11/09/2019 02:09:27 PAGE 1   


C51 COMPILER V9.00, COMPILATION OF MODULE KEY
OBJECT MODULE PLACED IN key.OBJ
COMPILER INVOKED BY: D:\Program Files (x86)\keil\C51\BIN\C51.EXE key.c BROWSE DEBUG OBJECTEXTEND

line level    source

   1          #include "key.h"
   2          #include "main.h"
   3          
   4          unsigned char key_state( void )
   5          {
   6   1              static unsigned char new_dat = 0xff,old_dat = 0xff;
   7   1              static unsigned char state = 0;
   8   1              static unsigned int key_down_count = 0;
   9   1              unsigned char key_value = 0xff;
  10   1              new_dat = key();
  11   1              switch( state ) 
  12   1              {
  13   2              case 0 :  if( new_dat != old_dat )
  14   2                                              state = 1;
  15   2                                      break;
  16   2              case 1 :  if( new_dat == old_dat )
  17   2                                              state = 2;
  18   2                                else
  19   2                                              state = 0;
  20   2                                      break;
  21   2              case 2 :  if( new_dat == old_dat )
  22   2                                              state = 3;
  23   2                                else
  24   2                                {
  25   3                                              key_value = old_dat;
  26   3                                              state = 0;
  27   3                                }
  28   2                                      break;
  29   2              case 3 :  if( new_dat == old_dat )
  30   2                                {
  31   3                                              key_down_count++;
  32   3                                              if(key_down_count == 699)
  33   3                                              {
  34   4                                                      key_down_count = 0;
  35   4                                                      state = 4;
  36   4                                                      key_value = old_dat | Key_down_long;
  37   4                                              }
  38   3                                }                     
  39   2                                else
  40   2                                {
  41   3                                              key_down_count = 0;
  42   3                                              key_value = old_dat;
  43   3                                              state = 0;
  44   3                                }
  45   2                                      break;
  46   2              case 4 :  if( new_dat != old_dat )
  47   2                                      {
  48   3                                              state = 0;
  49   3                                              return Key_up;
  50   3                                      }
  51   2                                      break;
  52   2              }
  53   1              old_dat = new_dat;
  54   1              return key_value;
  55   1      }
C51 COMPILER V9.00   KEY                                                                   11/09/2019 02:09:27 PAGE 2   

  56          
  57          unsigned char key( void )
  58          {
  59   1              unsigned char dat = 0xff;
  60   1              if( P30 == 0 )
  61   1                      dat = S7;
  62   1              if( P31 == 0 )
  63   1                      dat = S6;
  64   1              if( P32 == 0 )
  65   1                      dat = S5;
  66   1              if( P33 == 0 )
  67   1                      dat = S4;
  68   1              return dat;
  69   1      }


MODULE INFORMATION:   STATIC OVERLAYABLE
   CODE SIZE        =    157    ----
   CONSTANT SIZE    =   ----    ----
   XDATA SIZE       =   ----    ----
   PDATA SIZE       =   ----    ----
   DATA SIZE        =      5       1
   IDATA SIZE       =   ----    ----
   BIT SIZE         =   ----    ----
END OF MODULE INFORMATION.


C51 COMPILATION COMPLETE.  0 WARNING(S),  0 ERROR(S)
