C51 COMPILER V9.00   EX6                                                                   06/05/2019 14:29:03 PAGE 1   


C51 COMPILER V9.00, COMPILATION OF MODULE EX6
OBJECT MODULE PLACED IN ex6.OBJ
COMPILER INVOKED BY: D:\Program Files (x86)\keil\C51\BIN\C51.EXE ex6.c BROWSE DEBUG OBJECTEXTEND

line level    source

   1          # include"stc15f2k60s2.h"
   2          #include"intrins.h"
   3          #include "18b20.h"
   4          unsigned char key_scan();
   5          unsigned char code dis[]={0x3f,0x06,0x5b,0x4f,0x66,0x6d,0x7d,0x07,0x7f,0x6f,
   6                                                            0xbf,0x86,0xdb,0xcf,0xe6,0xed,0xfd,0x87,0xff,0xef,0x39};
   7          unsigned char  display_num[]={0xff,0xff,0xff,0xff};
   8          
   9          void delay(void)//ÑÓÊ±º¯Êý
  10          {
  11   1          unsigned char i,j,k;
  12   1          for(i=0; i<20; i++)
  13   1          {
  14   2              for(j=0; j<15; j++)
  15   2              {                                               
  16   3                  for(k=0; k<15; k++);
  17   3              }
  18   2          } 
  19   1      }
  20          
  21          void main(void)
  22          {                
  23   1          unsigned int temperature;
  24   1      
  25   1              while(1)  
  26   1                      {
  27   2                              temperature = rd_temperature();  //¶ÁÎÂ¶È      
  28   2                              temperature = temperature *6.25;
  29   2                              display_num[0]=temperature/1000;        
  30   2                              display_num[1]=temperature/100%10;
  31   2                              display_num[2]=temperature/10%10;
  32   2                              display_num[3]=temperature%10;
  33   2      
  34   2      
  35   2      //                      P03 = 0;
  36   2                       P00=0;
  37   2                       P01=0;
  38   2                       P02=0;
  39   2                       P2=dis[20];
  40   2                       delay();
  41   2      //               P03 = 1;
  42   2                       P00=0;
  43   2                       P01=0;
  44   2                       P02=1;
  45   2                       P2=dis[display_num[0]];
  46   2      //               P03 = 0;
  47   2                       delay();
  48   2      //               P03 = 1;
  49   2                       P00=1;
  50   2                       P01=0;
  51   2                       P02=1;
  52   2                       P2=dis[display_num[1]+ 9];
  53   2      //               P03 = 0;
  54   2                       delay();
  55   2      //               P03 = 1;
C51 COMPILER V9.00   EX6                                                                   06/05/2019 14:29:03 PAGE 2   

  56   2                       P00=0;
  57   2                       P01=1;
  58   2                       P02=1;
  59   2                       P2=dis[display_num[2]];
  60   2                       delay();
  61   2                       P00=1;
  62   2                       P01=1;
  63   2                       P02=1;
  64   2                       P2=dis[display_num[3]];
  65   2      //               P03 = 0;
  66   2                       delay();
  67   2                  }
  68   1      }
  69          
  70          
  71          
  72          


MODULE INFORMATION:   STATIC OVERLAYABLE
   CODE SIZE        =    191    ----
   CONSTANT SIZE    =     21    ----
   XDATA SIZE       =   ----    ----
   PDATA SIZE       =   ----    ----
   DATA SIZE        =      4    ----
   IDATA SIZE       =   ----    ----
   BIT SIZE         =   ----    ----
END OF MODULE INFORMATION.


C51 COMPILATION COMPLETE.  0 WARNING(S),  0 ERROR(S)
