C51 COMPILER V9.01   EX6                                                                   06/19/2018 21:07:52 PAGE 1   


C51 COMPILER V9.01, COMPILATION OF MODULE EX6
OBJECT MODULE PLACED IN ex6.OBJ
COMPILER INVOKED BY: D:\软件\keil\C51\BIN\C51.EXE ex6.c BROWSE DEBUG OBJECTEXTEND

line level    source

   1          # include"stc15f2k60s2.h"
   2          #include"intrins.h"
   3          unsigned char key_scan();
   4          void delay(void)//延时函数
   5          {
   6   1          unsigned char i,j,k;
   7   1          for(i=0; i<200; i++)
   8   1          {
   9   2              for(j=0; j<1; j++)
  10   2              {                                               
  11   3                  for(k=0; k<200; k++);
  12   3              }
  13   2          } 
  14   1      }
  15          
  16          void main(void)
  17          {         
  18   1              unsigned char aa;
  19   1              while(1)  
  20   1              {
  21   2               aa=key_scan(); 
  22   2                       if(aa!=0xff) 
  23   2                       {
  24   3                       P00=0;
  25   3                       delay();
  26   3                       P00=~P00;
  27   3                       aa=0;
  28   3                       }
  29   2          }
  30   1      }
  31          
  32          unsigned char key_scan() //按键扫描函数
  33          {
  34   1         unsigned char key_value=0xff,n,i;
  35   1         n=0xfe;
  36   1         for(i=1;i<=4;i++)
  37   1              {
  38   2                  P3=n;     //赋值当前扫描行的扫描值1
  39   2                       if(P3!=n||P44==0||P42==0)//判断当前行是否有按键按下2
  40   2                       {
  41   3                key_value=((P3&0x3f)|((P4&0x10)<<3)|(P4&0x04)<<4);//获取到键值3
  42   3                                        break;        
  43   3                       }
  44   2                       n=(n<<1)|(n>>7);//若当前行没有按键，循环左移得到下一行的扫描值
  45   2              }
  46   1              return key_value; //返回键值
  47   1      }
  48          
  49          


MODULE INFORMATION:   STATIC OVERLAYABLE
   CODE SIZE        =    101    ----
   CONSTANT SIZE    =   ----    ----
   XDATA SIZE       =   ----    ----
C51 COMPILER V9.01   EX6                                                                   06/19/2018 21:07:52 PAGE 2   

   PDATA SIZE       =   ----    ----
   DATA SIZE        =   ----    ----
   IDATA SIZE       =   ----    ----
   BIT SIZE         =   ----    ----
END OF MODULE INFORMATION.


C51 COMPILATION COMPLETE.  0 WARNING(S),  0 ERROR(S)
