C51 COMPILER V9.01   TEXT1                                                                 07/13/2018 22:48:06 PAGE 1   


C51 COMPILER V9.01, COMPILATION OF MODULE TEXT1
OBJECT MODULE PLACED IN Text1.OBJ
COMPILER INVOKED BY: D:\Èí¼þ\keil\C51\BIN\C51.EXE Text1.c BROWSE DEBUG OBJECTEXTEND

line level    source

   1          #include <STC15F2K60S2.H>
   2          #include<intrins.h>
   3          
   4          #define uchar unsigned char
   5          #define uint unsigned int
   6           
   7          uchar code CW[8]={0x09,0x01,0x03,0x02,0x06,0x04,0x0c,0x08};    
   8           
   9          void motor_cw(void);
  10          void delay500us(void);
  11          
  12          void delaynms(uint aa)
  13          {
  14   1        uchar bb;
  15   1        while(aa--)
  16   1        {
  17   2         for(bb=0;bb<115;bb++)     
  18   2         {
  19   3          ;
  20   3         }
  21   2        }
  22   1      }
  23          
  24          void delay500us(void)
  25          {
  26   1        int j;
  27   1        for(j=0;j<57;j++)
  28   1        {
  29   2         ;
  30   2        }
  31   1      }
  32          
  33          
  34          void motor_cw(void)
  35          {
  36   1        uchar i,j;
  37   1        for(j=0;j<8;j++)                 
  38   1        {
  39   2          for(i=0;i<8;i++)  
  40   2         {
  41   3            P1=CW[i];
  42   3            delaynms(12);   
  43   3          }
  44   2        }
  45   1      }
  46          
  47          
  48          void main(void)
  49          {
  50   1       uchar r;
  51   1       uchar N=64;
  52   1                
  53   1       while(1)
  54   1       {
  55   2        
C51 COMPILER V9.01   TEXT1                                                                 07/13/2018 22:48:06 PAGE 2   

  56   2          for(r=0;r<N;r++)
  57   2             motor_cw();  
  58   2       }
  59   1        
  60   1      }      
  61           


MODULE INFORMATION:   STATIC OVERLAYABLE
   CODE SIZE        =     81    ----
   CONSTANT SIZE    =      8    ----
   XDATA SIZE       =   ----    ----
   PDATA SIZE       =   ----    ----
   DATA SIZE        =   ----       1
   IDATA SIZE       =   ----    ----
   BIT SIZE         =   ----    ----
END OF MODULE INFORMATION.


C51 COMPILATION COMPLETE.  0 WARNING(S),  0 ERROR(S)
