C51 COMPILER V9.01   MAIN                                                                  10/29/2018 21:43:43 PAGE 1   


C51 COMPILER V9.01, COMPILATION OF MODULE MAIN
OBJECT MODULE PLACED IN main.OBJ
COMPILER INVOKED BY: D:\软件\keil\C51\BIN\C51.EXE main.c BROWSE DEBUG OBJECTEXTEND

line level    source

   1                                                                     /*
   2          
   3          
   4          
   5          */
   6          #include"stc15Fxxxx.h"
   7          u8 dbuf[8]={18,18,18,18,18,18,1,1};
   8          //unsigned char code dis[]={0x3f,0x06,0x5b,0x4f,0x66,0x6d,0x7d,0x7f,0x6f};
   9          unsigned char code dis[]={0x3f,0x06,0x5b,0x4f,0x66,0x6d,0x7d,0x07,0x7f,0x6f};
  10          //u8 code segtab[]={0xc0,0xf9,0xa4,0xb0,0x99,0x92,0x82,0xf8,0x80,0x90,0x88,0x83,0xc6,0xa1,0x86,0x8e,0x89,0
             -x8c,0xff,0xbf};
  11          //                                      //0             1        2        3        4    5        6        7        8    9        A       B        C             D        E       F         H   P        灭       -
  12          //                                      //0             1        2        3        4    5        6        7        8    9        10      11       12   13       14      15        16  17        18       19
  13          
  14          extern bit RcvStr(u8 sla,u8 suba,u8 *s,u8 n);           //向有子地址器件读取多个字节
  15          extern bit SendStr(u8 sla,u8 suba,u8 *s,u8 n);
  16          void delay(u8 p)      //延时，短暂视觉效果
  17          {
  18   1              u16 i;
  19   1              while(p--)
  20   1                      for(i=0;i<100;i++);
  21   1      }
  22          //void  disp(void)
  23          //{
  24          //      u8 i;
  25          //      u8 bsel=0x01;
  26          //      P2&=0x1f;
  27          //      for(i=0;i<8;i++)
  28          //      {
  29          //              P0=bsel;//数据准备：位选数据
  30          //              P2=P2&0x1f|0xc0;//送入数据
  31          //              P2&=0x1f;//再次释放片选
  32          //              P0=segtab[dbuf[i]];//数据准备：显示数据
  33          //              P2=P2&0x1f|0xe0;//送入数据
  34          //              delay(1);//延时，形成视觉暂留
  35          //              bsel=_crol_(bsel,1);    
  36          //              P0|=0xff;//将P0口初始化为：1111 1111  熄灭所有数码管
  37          //              P2&=0x1f;//再次释放片选 
  38          //      }
  39          //      
  40          //}
  41          void main()
  42          {
  43   1              u8 value=178,dat=1;
  44   1      //      P0&=0xaf;
  45   1      //      P2=P2&0x1f|0xa0;
  46   1      while(1)
  47   1              {       
  48   2                      RcvStr(0x90,0x01,&value,1);             //获取当前电压模拟量
  49   2                      //value=(value*500)/256;                        //求电压模拟量百分比
  50   2      
  51   2                      dbuf[5] = value/100;
  52   2                      dbuf[6]=(value/10)%10;
  53   2                      dbuf[7]=value%10;
  54   2      
C51 COMPILER V9.01   MAIN                                                                  10/29/2018 21:43:43 PAGE 2   

  55   2                      P2=dis[dbuf[5]];
  56   2                      P00=0;
  57   2                      P01=1;
  58   2                      P02=0;
  59   2                      delay(1);
  60   2                      
  61   2                      P2=dis[dbuf[6]];
  62   2                      
  63   2                      P00=1;
  64   2                      P01=0;
  65   2                      P02=0;
  66   2                      delay(1);
  67   2              
  68   2                  P2=dis[dbuf[7]];
  69   2                      P00=0;
  70   2                      P01=0;
  71   2                      P02=0;
  72   2                      delay(1);
  73   2      
  74   2      //              RcvStr(0x90,0x01,&dat,1);               //获取当前光敏模拟量
  75   2      //              dat=(dat*100)/256;                              //求光敏模拟量的百分比
  76   2      //              dbuf[3]=(dat/10)%10;
  77   2      //              dbuf[2]=dat%10;
  78   2      //              disp(); 
  79   2              }
  80   1      
  81   1      }


MODULE INFORMATION:   STATIC OVERLAYABLE
   CODE SIZE        =    121    ----
   CONSTANT SIZE    =     10    ----
   XDATA SIZE       =   ----    ----
   PDATA SIZE       =   ----    ----
   DATA SIZE        =      8       2
   IDATA SIZE       =   ----    ----
   BIT SIZE         =   ----    ----
END OF MODULE INFORMATION.


C51 COMPILATION COMPLETE.  0 WARNING(S),  0 ERROR(S)
