C51 COMPILER V9.01   TEXT1                                                                 07/13/2018 23:15:32 PAGE 1   


C51 COMPILER V9.01, COMPILATION OF MODULE TEXT1
OBJECT MODULE PLACED IN Text1.OBJ
COMPILER INVOKED BY: D:\Èí¼þ\keil\C51\BIN\C51.EXE Text1.c BROWSE DEBUG OBJECTEXTEND

line level    source

   1          #include <reg51.h>
   2           //#include<AT89X52.h>
   3           #include<intrins.h>
   4           #define uchar unsigned char
   5           #define uint unsigned int
   6           
   7           uchar code CCW[8]={0x08,0x0c,0x04,0x06,0x02,0x03,0x01,0x09};   //????????
   8           
   9          void delaynms(uint aa)
  10          {
  11   1        uchar bb;
  12   1        while(aa--)
  13   1        {
  14   2         for(bb=0;bb<115;bb++)     //1ms??????
  15   2         {
  16   3          ;
  17   3         }
  18   2        }
  19   1       
  20   1      }
  21          void delay500us(void)
  22          {
  23   1        int j;
  24   1        for(j=0;j<57;j++)
  25   1        {
  26   2         ;
  27   2        }
  28   1      }
  29          
  30          
  31          void motor_ccw(void)
  32          {
  33   1        uchar i,j;
  34   1        for(j=0;j<8;j++)                 //??????,??????????,???????????
  35   1        {
  36   2          for(i=0;i<8;i++)  //??45?
  37   2         {
  38   3            P1=CCW[i];
  39   3            delaynms(10);   //????
  40   3          }
  41   2        }
  42   1      }
  43          
  44          
  45          void main(void)
  46          {
  47   1       uchar r;
  48   1       uchar N=64;          //?????????????,????1/64 ,
  49   1             //??N=64?,?????????
  50   1       while(1)
  51   1       {
  52   2        
  53   2          for(r=0;r<N;r++)
  54   2             motor_ccw();  //????
  55   2       }
C51 COMPILER V9.01   TEXT1                                                                 07/13/2018 23:15:32 PAGE 2   

  56   1        
  57   1      }      
  58           


MODULE INFORMATION:   STATIC OVERLAYABLE
   CODE SIZE        =     81    ----
   CONSTANT SIZE    =      8    ----
   XDATA SIZE       =   ----    ----
   PDATA SIZE       =   ----    ----
   DATA SIZE        =   ----       1
   IDATA SIZE       =   ----    ----
   BIT SIZE         =   ----    ----
END OF MODULE INFORMATION.


C51 COMPILATION COMPLETE.  0 WARNING(S),  0 ERROR(S)
