C51 COMPILER V9.01   EX3                                                                   07/30/2018 23:01:18 PAGE 1   


C51 COMPILER V9.01, COMPILATION OF MODULE EX3
OBJECT MODULE PLACED IN ex3.OBJ
COMPILER INVOKED BY: D:\软件\keil\C51\BIN\C51.EXE ex3.c BROWSE DEBUG OBJECTEXTEND

line level    source

   1          #include <STC15F2K60S2.H>
   2          #include<intrins.h>
   3          void delay(void)//延时函数
   4          {
   5   1          unsigned char i,j,k;
   6   1          for(i=0; i<200; i++)
   7   1          {
   8   2              for(j=0; j<1; j++)
   9   2              {                                               
  10   3                  for(k=0; k<200; k++);
  11   3              }
  12   2          } 
  13   1      }
  14          void main()//主函数
  15          {
  16   1              unsigned char aa;
  17   1                               aa=0xfe;
  18   1      
  19   1              while(1)
  20   1                      { 
  21   2                       aa=_crol_(aa,1);
  22   2                       P1=aa;
  23   2                       delay();
  24   2                      }
  25   1      }
  26          


MODULE INFORMATION:   STATIC OVERLAYABLE
   CODE SIZE        =     40    ----
   CONSTANT SIZE    =   ----    ----
   XDATA SIZE       =   ----    ----
   PDATA SIZE       =   ----    ----
   DATA SIZE        =   ----    ----
   IDATA SIZE       =   ----    ----
   BIT SIZE         =   ----    ----
END OF MODULE INFORMATION.


C51 COMPILATION COMPLETE.  0 WARNING(S),  0 ERROR(S)
